<?xml version="1.0" encoding="UTF-8"?>
<!-- Generated by org.testng.reporters.JUnitXMLReporter -->
<testsuite hostname="DESKTOP-27L8JE7" ignored="1" name="RegressionTest" tests="4" failures="0" timestamp="02 Jan 2020 01:27:09 GMT" time="22.734" errors="0">
  <testcase name="amazon" time="4.38" classname="com.project.December2019MavenProject.TC_003"/>
  <testcase name="f" time="0.004" classname="com.project.December2019MavenProject.TC_001"/>
  <testcase name="f" time="0.003" classname="com.project.December2019MavenProject.TC_002"/>
  <testcase name="a" time="0.002" classname="com.project.December2019MavenProject.TC_002"/>
  <testcase name="z" time="0.0" classname="com.project.December2019MavenProject.TC_002">
    <ignored/>
  </testcase> <!-- z -->
</testsuite> <!-- RegressionTest -->
