<?xml version="1.0" encoding="UTF-8"?>
<!-- Generated by org.testng.reporters.JUnitXMLReporter -->
<testsuite hostname="DESKTOP-27L8JE7" ignored="0" name="Default test" tests="3" failures="0" timestamp="2020-01-31T12:30:19 IST" time="0.943" errors="0">
  <testcase name="f" time="0.015" classname="com.excelLibraries.TC_003"/>
  <testcase name="f" time="0.002" classname="com.excelLibraries.TC_003"/>
  <testcase name="f" time="0.003" classname="com.excelLibraries.TC_003"/>
</testsuite> <!-- Default test -->
