<?xml version="1.0" encoding="UTF-8"?>
<!-- Generated by org.testng.reporters.JUnitXMLReporter -->
<testsuite hostname="DESKTOP-27L8JE7" ignored="0" name="FirefoxTest" tests="4" failures="0" timestamp="02 Jan 2020 01:55:07 GMT" time="168.644" errors="0">
  <testcase name="checkboxTest" time="0.539" classname="com.testng.CheckBox1"/>
  <testcase name="linktesting1" time="0.908" classname="com.testng.LinksTesting1"/>
  <testcase name="amazon" time="2.677" classname="com.testng.TC_003"/>
  <testcase name="checkboxTest" time="0.393" classname="com.testng.RadioButton1"/>
</testsuite> <!-- FirefoxTest -->
